
===== FIFO Pool Run =====

总耗时理论值下界： 10000
Task1 : 准备执行，当前并发数: 1
Task 1 start @1ms
Task2 : 准备执行，当前并发数: 2
Task 2 start @1ms
并发数已达上限 Task3 加入等待队列
并发数已达上限 Task4 加入等待队列
并发数已达上限 Task5 加入等待队列
并发数已达上限 Task6 加入等待队列
并发数已达上限 Task7 加入等待队列
并发数已达上限 Task8 加入等待队列
并发数已达上限 Task9 加入等待队列
并发数已达上限 Task10 加入等待队列
Task 2 end   @203ms
Task2 : 执行完毕，当前并发数: 1
Task3 : 从等待队列中取出，准备执行
Task3 : 准备执行，当前并发数: 2
Task 3 start @203ms
Task 1 end   @302ms
Task1 : 执行完毕，当前并发数: 1
Task4 : 从等待队列中取出，准备执行
Task4 : 准备执行，当前并发数: 2
Task 4 start @303ms
Task 4 end   @403ms
Task4 : 执行完毕，当前并发数: 1
Task5 : 从等待队列中取出，准备执行
Task5 : 准备执行，当前并发数: 2
Task 5 start @404ms
Task 3 end   @604ms
Task3 : 执行完毕，当前并发数: 1
Task6 : 从等待队列中取出，准备执行
Task6 : 准备执行，当前并发数: 2
Task 6 start @604ms
Task 5 end   @905ms
Task5 : 执行完毕，当前并发数: 1
Task7 : 从等待队列中取出，准备执行
Task7 : 准备执行，当前并发数: 2
Task 7 start @905ms
Task 6 end   @1505ms
Task6 : 执行完毕，当前并发数: 1
Task8 : 从等待队列中取出，准备执行
Task8 : 准备执行，当前并发数: 2
Task 8 start @1506ms
Task 7 end   @1906ms
Task7 : 执行完毕，当前并发数: 1
Task9 : 从等待队列中取出，准备执行
Task9 : 准备执行，当前并发数: 2
Task 9 start @1907ms
Task 8 end   @2606ms
Task8 : 执行完毕，当前并发数: 1
Task10 : 从等待队列中取出，准备执行
Task10 : 准备执行，当前并发数: 2
Task 10 start @2608ms
Task 9 end   @4408ms
Task9 : 执行完毕，当前并发数: 1
Task 10 end   @12608ms
Task10 : 执行完毕，当前并发数: 0
FIFO Results: [1,2,3,4,5,6,7,8,9,10]
FIFO 总耗时: 12614ms

===== FIFO Pool Run =====

总耗时理论值下界： 10000
Task1 start @1ms 当前并发数: undefined
Task2 start @1ms 当前并发数: undefined
并发数已达上限 Task3 加入等待队列
并发数已达上限 Task4 加入等待队列
并发数已达上限 Task5 加入等待队列
并发数已达上限 Task6 加入等待队列
并发数已达上限 Task7 加入等待队列
并发数已达上限 Task8 加入等待队列
并发数已达上限 Task9 加入等待队列
并发数已达上限 Task10 加入等待队列
Task2 end   @202ms 当前并发数: undefined
Task2 : 执行完毕，当前并发数: 1
Task3 : 从等待队列中取出，准备执行
Task3 start @203ms 当前并发数: undefined
Task1 end   @302ms 当前并发数: undefined
Task1 : 执行完毕，当前并发数: 1
Task4 : 从等待队列中取出，准备执行
Task4 start @303ms 当前并发数: undefined
Task4 end   @405ms 当前并发数: undefined
Task4 : 执行完毕，当前并发数: 1
Task5 : 从等待队列中取出，准备执行
Task5 start @406ms 当前并发数: undefined
Task3 end   @605ms 当前并发数: undefined
Task3 : 执行完毕，当前并发数: 1
Task6 : 从等待队列中取出，准备执行
Task6 start @605ms 当前并发数: undefined
Task5 end   @906ms 当前并发数: undefined
Task5 : 执行完毕，当前并发数: 1
Task7 : 从等待队列中取出，准备执行
Task7 start @906ms 当前并发数: undefined
Task6 end   @1507ms 当前并发数: undefined
Task6 : 执行完毕，当前并发数: 1
Task8 : 从等待队列中取出，准备执行
Task8 start @1508ms 当前并发数: undefined
Task7 end   @1907ms 当前并发数: undefined
Task7 : 执行完毕，当前并发数: 1
Task9 : 从等待队列中取出，准备执行
Task9 start @1907ms 当前并发数: undefined
Task8 end   @2609ms 当前并发数: undefined
Task8 : 执行完毕，当前并发数: 1
Task10 : 从等待队列中取出，准备执行
Task10 start @2609ms 当前并发数: undefined
Task9 end   @4409ms 当前并发数: undefined
Task9 : 执行完毕，当前并发数: 1

===== FIFO Pool Run =====

总耗时理论值下界： 10000
Task1 start @1ms 当前并发数: 1
Task2 start @1ms 当前并发数: 2
并发数已达上限 Task3 加入等待队列
并发数已达上限 Task4 加入等待队列
并发数已达上限 Task5 加入等待队列
并发数已达上限 Task6 加入等待队列
并发数已达上限 Task7 加入等待队列
并发数已达上限 Task8 加入等待队列
并发数已达上限 Task9 加入等待队列
并发数已达上限 Task10 加入等待队列
Task2 end   @201ms 当前并发数: 2
Task2 : 执行完毕，当前并发数: 1
Task3 : 从等待队列中取出，准备执行
Task3 start @202ms 当前并发数: 2
Task1 end   @301ms 当前并发数: 1
Task1 : 执行完毕，当前并发数: 1
Task4 : 从等待队列中取出，准备执行
Task4 start @302ms 当前并发数: 2
Task4 end   @403ms 当前并发数: 2
Task4 : 执行完毕，当前并发数: 1
Task5 : 从等待队列中取出，准备执行
Task5 start @404ms 当前并发数: 2
Task3 end   @602ms 当前并发数: 2
Task3 : 执行完毕，当前并发数: 1
Task6 : 从等待队列中取出，准备执行
Task6 start @603ms 当前并发数: 2
Task5 end   @904ms 当前并发数: 2
Task5 : 执行完毕，当前并发数: 1
Task7 : 从等待队列中取出，准备执行
Task7 start @904ms 当前并发数: 2
Task6 end   @1505ms 当前并发数: 2
Task6 : 执行完毕，当前并发数: 1
Task8 : 从等待队列中取出，准备执行
Task8 start @1506ms 当前并发数: 2
Task7 end   @1905ms 当前并发数: 2
Task7 : 执行完毕，当前并发数: 1
Task9 : 从等待队列中取出，准备执行
Task9 start @1906ms 当前并发数: 2
Task8 end   @2607ms 当前并发数: 2
Task8 : 执行完毕，当前并发数: 1
Task10 : 从等待队列中取出，准备执行
Task10 start @2607ms 当前并发数: 2
Task9 end   @4407ms 当前并发数: 2
Task9 : 执行完毕，当前并发数: 1
Task10 end   @12609ms 当前并发数: 2
Task10 : 执行完毕，当前并发数: 0
FIFO Results: [1,2,3,4,5,6,7,8,9,10]
FIFO 总耗时: 12613ms

===== FIFO Pool Run =====

总耗时理论值下界： 10000
Task1 start @0ms 当前并发数: 1
Task2 start @1ms 当前并发数: 2
并发数已达上限 Task3 加入等待队列
并发数已达上限 Task4 加入等待队列
并发数已达上限 Task5 加入等待队列
并发数已达上限 Task6 加入等待队列
并发数已达上限 Task7 加入等待队列
并发数已达上限 Task8 加入等待队列
并发数已达上限 Task9 加入等待队列
并发数已达上限 Task10 加入等待队列
Task2 end   @203ms 当前并发数: 1
Task2 : 执行完毕，当前并发数: 1
Task3 : 从等待队列中取出，准备执行
Task3 start @204ms 当前并发数: 2
Task1 end   @302ms 当前并发数: 0
Task1 : 执行完毕，当前并发数: 1
Task4 : 从等待队列中取出，准备执行
Task4 start @303ms 当前并发数: 2
Task4 end   @405ms 当前并发数: 1
Task4 : 执行完毕，当前并发数: 1
Task5 : 从等待队列中取出，准备执行
Task5 start @406ms 当前并发数: 2
Task3 end   @604ms 当前并发数: 1
Task3 : 执行完毕，当前并发数: 1
Task6 : 从等待队列中取出，准备执行
Task6 start @605ms 当前并发数: 2
Task5 end   @908ms 当前并发数: 1
Task5 : 执行完毕，当前并发数: 1
Task7 : 从等待队列中取出，准备执行
Task7 start @908ms 当前并发数: 2
Task6 end   @1507ms 当前并发数: 1
Task6 : 执行完毕，当前并发数: 1
Task8 : 从等待队列中取出，准备执行
Task8 start @1509ms 当前并发数: 2
Task7 end   @1910ms 当前并发数: 1
Task7 : 执行完毕，当前并发数: 1
Task9 : 从等待队列中取出，准备执行
Task9 start @1910ms 当前并发数: 2
Task8 end   @2612ms 当前并发数: 1
Task8 : 执行完毕，当前并发数: 1
Task10 : 从等待队列中取出，准备执行
Task10 start @2613ms 当前并发数: 2
Task9 end   @4411ms 当前并发数: 1
Task9 : 执行完毕，当前并发数: 1
Task10 end   @12615ms 当前并发数: 1
Task10 : 执行完毕，当前并发数: 0
FIFO Results: [1,2,3,4,5,6,7,8,9,10]
FIFO 总耗时: 12619ms

===== FIFO Pool Run =====

总耗时理论值下界： 10000
Task1 开始执行，当前并发数: 1
Task1 start @17525ms
Task2 开始执行，当前并发数: 2
Task2 start @41130ms
Task3 开始执行，当前并发数: 3
Task3 start @43281ms
并发数已达上限，Task4 加入等待队列
并发数已达上限，Task5 加入等待队列
并发数已达上限，Task6 加入等待队列
并发数已达上限，Task7 加入等待队列
并发数已达上限，Task8 加入等待队列
并发数已达上限，Task9 加入等待队列
并发数已达上限，Task10 加入等待队列
Task1 end   @66348ms
Task1 执行完毕，当前并发数: 2
Task4 从等待队列中取出，准备执行
Task4 开始执行，当前并发数: 3
Task4 start @88230ms
Task2 end   @88233ms
Task2 执行完毕，当前并发数: 2
Task5 从等待队列中取出，准备执行
Task5 开始执行，当前并发数: 3
Task5 start @91231ms
Task3 end   @91232ms
Task3 执行完毕，当前并发数: 2
Task6 从等待队列中取出，准备执行
Task6 开始执行，当前并发数: 3
Task6 start @92794ms
Task4 end   @92794ms
Task4 执行完毕，当前并发数: 2
Task7 从等待队列中取出，准备执行
Task7 开始执行，当前并发数: 3
Task7 start @94059ms
Task5 end   @94060ms
Task5 执行完毕，当前并发数: 2
Task8 从等待队列中取出，准备执行
Task8 开始执行，当前并发数: 3
Task8 start @94809ms
Task6 end   @94810ms
Task6 执行完毕，当前并发数: 2
Task9 从等待队列中取出，准备执行
Task9 开始执行，当前并发数: 3
Task9 start @95562ms
Task7 end   @95562ms
Task7 执行完毕，当前并发数: 2
Task10 从等待队列中取出，准备执行
Task10 开始执行，当前并发数: 3
Task10 start @119011ms
Task8 end   @119014ms
Task8 执行完毕，当前并发数: 2
Task9 end   @119325ms
Task9 执行完毕，当前并发数: 1
Task10 end   @129013ms

===== FIFO Pool Run =====

总耗时理论值下界： 10000
		处理任务：Task1		
Task1 开始执行，当前并发数: 1
Task1 start @0ms
		处理任务：Task2		
Task2 开始执行，当前并发数: 2
Task2 start @1ms
		处理任务：Task3		
Task3 开始执行，当前并发数: 3
Task3 start @1ms
		处理任务：Task4		
并发数已达上限，Task4 加入等待队列
		处理任务：Task5		
并发数已达上限，Task5 加入等待队列
		处理任务：Task6		
并发数已达上限，Task6 加入等待队列
		处理任务：Task7		
并发数已达上限，Task7 加入等待队列
		处理任务：Task8		
并发数已达上限，Task8 加入等待队列
		处理任务：Task9		
并发数已达上限，Task9 加入等待队列
		处理任务：Task10		
并发数已达上限，Task10 加入等待队列
Task2 end   @203ms
Task2 执行完毕，当前并发数: 2
Task4 从等待队列中取出，准备执行
Task4 开始执行，当前并发数: 3
Task4 start @204ms
Task1 end   @302ms
Task1 执行完毕，当前并发数: 2
Task5 从等待队列中取出，准备执行
Task5 开始执行，当前并发数: 3
Task5 start @302ms
Task4 end   @305ms
Task4 执行完毕，当前并发数: 2
Task6 从等待队列中取出，准备执行
Task6 开始执行，当前并发数: 3
Task6 start @305ms
Task3 end   @403ms
Task3 执行完毕，当前并发数: 2
Task7 从等待队列中取出，准备执行
Task7 开始执行，当前并发数: 3
Task7 start @403ms
Task5 end   @804ms
Task5 执行完毕，当前并发数: 2
Task8 从等待队列中取出，准备执行
Task8 开始执行，当前并发数: 3
Task8 start @804ms
Task6 end   @1206ms
Task6 执行完毕，当前并发数: 2
Task9 从等待队列中取出，准备执行
Task9 开始执行，当前并发数: 3
Task9 start @1207ms
Task7 end   @1405ms
Task7 执行完毕，当前并发数: 2
Task10 从等待队列中取出，准备执行
Task10 开始执行，当前并发数: 3
Task10 start @1406ms
Task8 end   @1907ms
Task8 执行完毕，当前并发数: 2
Task9 end   @3708ms
Task9 执行完毕，当前并发数: 1
Task10 end   @11407ms
Task10 执行完毕，当前并发数: 0
FIFO Results: [1,2,3,4,5,6,7,8,9,10]
FIFO 总耗时: 11413ms

===== FIFO Pool Run =====

总耗时理论值下界： 10000
处理任务：Task1
Task1 开始执行，当前并发数: 1
Task1 start @1ms
处理任务：Task2
Task2 开始执行，当前并发数: 2
Task2 start @1ms
处理任务：Task3
Task3 开始执行，当前并发数: 3
Task3 start @1ms
处理任务：Task4
并发数已达上限，Task4 加入等待队列
处理任务：Task5
并发数已达上限，Task5 加入等待队列
处理任务：Task6
并发数已达上限，Task6 加入等待队列
处理任务：Task7
并发数已达上限，Task7 加入等待队列
处理任务：Task8
并发数已达上限，Task8 加入等待队列
处理任务：Task9
并发数已达上限，Task9 加入等待队列
处理任务：Task10
并发数已达上限，Task10 加入等待队列
Task2 end   @202ms
Task2 执行完毕，当前并发数: 2
Task4 从等待队列中取出，准备执行
Task4 开始执行，当前并发数: 3
Task4 start @203ms
Task1 end   @302ms
Task1 执行完毕，当前并发数: 2
Task5 从等待队列中取出，准备执行
Task5 开始执行，当前并发数: 3
Task5 start @302ms
Task4 end   @303ms
Task4 执行完毕，当前并发数: 2
Task6 从等待队列中取出，准备执行
Task6 开始执行，当前并发数: 3
Task6 start @303ms
Task3 end   @402ms
Task3 执行完毕，当前并发数: 2
Task7 从等待队列中取出，准备执行
Task7 开始执行，当前并发数: 3
Task7 start @402ms
Task5 end   @804ms
Task5 执行完毕，当前并发数: 2
Task8 从等待队列中取出，准备执行
Task8 开始执行，当前并发数: 3
Task8 start @804ms
Task6 end   @1203ms
Task6 执行完毕，当前并发数: 2
Task9 从等待队列中取出，准备执行
Task9 开始执行，当前并发数: 3
Task9 start @1204ms
Task7 end   @1404ms
Task7 执行完毕，当前并发数: 2
Task10 从等待队列中取出，准备执行
Task10 开始执行，当前并发数: 3
Task10 start @1405ms
Task8 end   @1905ms
Task8 执行完毕，当前并发数: 2
Task9 end   @3705ms
Task9 执行完毕，当前并发数: 1
Task10 end   @11406ms
Task10 执行完毕，当前并发数: 0
FIFO Results: [1,2,3,4,5,6,7,8,9,10]
FIFO 总耗时: 11408ms
